<?xml version="1.0" encoding="UTF-8"?>
<!-- Generated by org.testng.reporters.JUnitReportReporter -->
<testsuite skipped="0" hostname="m-c02yw0czlvdt" name="Day1.Lesson1" tests="1" failures="0" timestamp="03 Apr 2020 18:26:08 GMT" time="0.008" errors="0">
  <testcase name="test1" time="0.008" classname="Day1.Lesson1"/>
</testsuite> <!-- Day1.Lesson1 -->
